<?xml version="1.0" encoding="UTF-8"?>
<!-- Generated by org.testng.reporters.JUnitReportReporter -->
<testsuite skipped="0" hostname="Ankit-RW" name="proji.HomePage" tests="9" failures="0" timestamp="19 Feb 2019 10:50:22 GMT" time="227.430" errors="0">
  <testcase name="FeaturePageTest" time="4.858" classname="proji.HomePage"/>
  <testcase name="PricingPageTest" time="9.832" classname="proji.HomePage"/>
  <testcase name="Resource_FreeToolTest" time="4.911" classname="proji.HomePage"/>
  <testcase name="CompanyTest" time="5.247" classname="proji.HomePage"/>
  <testcase name="LoginTest" time="9.916" classname="proji.HomePage"/>
  <testcase name="SignupTest" time="8.002" classname="proji.HomePage"/>
  <testcase name="EnterEmailAddressTest" time="7.213" classname="proji.HomePage"/>
  <testcase name="EnterDomainNameTest" time="14.583" classname="proji.HomePage"/>
  <testcase name="ProductListTest" time="162.868" classname="proji.HomePage"/>
</testsuite> <!-- proji.HomePage -->
