<?xml version="1.0" encoding="UTF-8"?>
<!-- Generated by org.testng.reporters.JUnitReportReporter -->
<testsuite skipped="0" hostname="Ankit-RW" name="proji.Dashboard" tests="2" failures="0" timestamp="05 Jun 2019 04:55:54 GMT" time="100.382" errors="0">
  <testcase name="VerifyDashTest" time="47.622" classname="proji.Dashboard"/>
  <testcase name="SelectProjectTest" time="52.760" classname="proji.Dashboard"/>
</testsuite> <!-- proji.Dashboard -->
