<?xml version="1.0" encoding="UTF-8"?>
<!-- Generated by org.testng.reporters.JUnitReportReporter -->
<testsuite skipped="0" hostname="Ankit-RW" name="com.test.Booking" tests="1" failures="0" timestamp="03 Jan 2019 11:49:04 GMT" time="24.551" errors="0">
  <testcase name="HotelBookingTest" time="24.551" classname="com.test.Booking"/>
</testsuite> <!-- com.test.Booking -->
