<?xml version="1.0" encoding="UTF-8"?>
<!-- Generated by org.testng.reporters.JUnitReportReporter -->
<testsuite skipped="0" hostname="Ankit-RW" name="com.test.demo" tests="1" failures="0" timestamp="29 Aug 2018 18:29:55 GMT" time="0.015" errors="0">
  <testcase name="sum" time="0.015" classname="com.test.demo"/>
</testsuite> <!-- com.test.demo -->
