<?xml version="1.0" encoding="UTF-8"?>
<!-- Generated by org.testng.reporters.JUnitReportReporter -->
<testsuite skipped="0" hostname="Ankit-RW" name="proji.LoginPage" tests="1" failures="0" timestamp="06 Feb 2019 19:07:35 GMT" time="17.443" errors="0">
  <testcase name="ForgotPasswordTest" time="17.443" classname="proji.LoginPage"/>
</testsuite> <!-- proji.LoginPage -->
